{
  "stats": {
    "suites": 193,
    "tests": 186,
    "passes": 178,
    "pending": 0,
    "failures": 8,
    "start": "2022-07-07T15:58:17.752Z",
    "end": "2022-07-07T15:58:20.951Z",
    "duration": 3199,
    "testsRegistered": 186,
    "passPercent": 95.6989247311828,
    "pendingPercent": 0,
    "other": 0,
    "hasOther": false,
    "skipped": 0,
    "hasSkipped": false
  },
  "results": [
    {
      "uuid": "d6c4650c-4c1c-485d-92bb-111535dfc49d",
      "title": "",
      "fullFile": "",
      "file": "",
      "beforeHooks": [],
      "afterHooks": [],
      "tests": [],
      "suites": [
        {
          "uuid": "a642c4c7-8649-410c-aef4-109456ea3b76",
          "title": "Test CR1 Item",
          "fullFile": "/Users/francescorosati/Desktop/Software engineering/Project/EzWh/code/server/acceptanceTest/testEzWhAPI.js",
          "file": "/acceptanceTest/testEzWhAPI.js",
          "beforeHooks": [],
          "afterHooks": [],
          "tests": [],
          "suites": [
            {
              "uuid": "26526d99-2593-4c99-9a29-e2e9105fb9ef",
              "title": "Removing all Items",
              "fullFile": "/Users/francescorosati/Desktop/Software engineering/Project/EzWh/code/server/acceptanceTest/testEzWhAPI.js",
              "file": "/acceptanceTest/testEzWhAPI.js",
              "beforeHooks": [],
              "afterHooks": [],
              "tests": [
                {
                  "title": "get /api/items/",
                  "fullTitle": "Test CR1 Item Removing all Items get /api/items/",
                  "timedOut": false,
                  "duration": 27,
                  "state": "passed",
                  "speed": "fast",
                  "pass": true,
                  "fail": false,
                  "pending": false,
                  "context": null,
                  "code": "const res = await agent.get('/api/items');\nconsole.log(res.body);\nres.should.have.status(200);\nif(res.body.length !==0) {\n    let res2;\n    for (let i = 0; i< res.body.length; i++){\n        res2 = await\n        agent.delete('/api/items/'+res.body[i].id+'/'+res.body[i].supplierId);\n        res2.should.have.status(204);\n        console.log(\"Deleted \" + res.body[i].id + \" by supplier \"+ res.body[i].supplierId);\n    }\n}",
                  "err": {},
                  "uuid": "8879dd6c-11c6-41ff-8bac-4436bbfa4196",
                  "parentUUID": "26526d99-2593-4c99-9a29-e2e9105fb9ef",
                  "isHook": false,
                  "skipped": false
                }
              ],
              "suites": [],
              "passes": [
                "8879dd6c-11c6-41ff-8bac-4436bbfa4196"
              ],
              "failures": [],
              "pending": [],
              "skipped": [],
              "duration": 27,
              "root": false,
              "rootEmpty": false,
              "_timeout": 30000
            },
            {
              "uuid": "043d90c6-ccd2-49a3-9a0e-a6ee989832d1",
              "title": "Get all items",
              "fullFile": "/Users/francescorosati/Desktop/Software engineering/Project/EzWh/code/server/acceptanceTest/testEzWhAPI.js",
              "file": "/acceptanceTest/testEzWhAPI.js",
              "beforeHooks": [],
              "afterHooks": [],
              "tests": [
                {
                  "title": "get /api/items/",
                  "fullTitle": "Test CR1 Item Get all items get /api/items/",
                  "timedOut": false,
                  "duration": 6,
                  "state": "passed",
                  "speed": "fast",
                  "pass": true,
                  "fail": false,
                  "pending": false,
                  "context": null,
                  "code": "agent.get('/api/items')\n.then(function(res){\n    console.log(res.body);\n    res.should.have.status(expCode);\n    res.body.should.be.a('array');\n    res.body.length.should.be.equal(size);\n    done();\n}).catch(err => done(err));",
                  "err": {},
                  "uuid": "866f9419-fe17-47c7-98eb-45ef48a0cc45",
                  "parentUUID": "043d90c6-ccd2-49a3-9a0e-a6ee989832d1",
                  "isHook": false,
                  "skipped": false
                }
              ],
              "suites": [],
              "passes": [
                "866f9419-fe17-47c7-98eb-45ef48a0cc45"
              ],
              "failures": [],
              "pending": [],
              "skipped": [],
              "duration": 6,
              "root": false,
              "rootEmpty": false,
              "_timeout": 30000
            },
            {
              "uuid": "3cbbb24f-b580-4258-bfa4-1a60058b01f2",
              "title": "removing all skuitems",
              "fullFile": "/Users/francescorosati/Desktop/Software engineering/Project/EzWh/code/server/acceptanceTest/testEzWhAPI.js",
              "file": "/acceptanceTest/testEzWhAPI.js",
              "beforeHooks": [],
              "afterHooks": [],
              "tests": [
                {
                  "title": "Getting SKUitems",
                  "fullTitle": "Test CR1 Item removing all skuitems Getting SKUitems",
                  "timedOut": false,
                  "duration": 5,
                  "state": "passed",
                  "speed": "fast",
                  "pass": true,
                  "fail": false,
                  "pending": false,
                  "context": null,
                  "code": "const res = await agent.get('/api/skuitems');\nconsole.log(res.body);\nres.should.have.status(200);\nif (res.body.length !==0) {\n    let res2;\n    for (let i = 0; i < res.body.length; i++) {\n        res2 = await\n        agent.delete('/api/skuitems/'+res.body[i].RFID);\n        res2.should.have.status(204);\n        console.log(\"Deleted \"+ res.body[i].RFID);\n    }\n}\nconsole.log(\"done!\");",
                  "err": {},
                  "uuid": "acb52887-b356-4975-88b7-520fcc4b08f1",
                  "parentUUID": "3cbbb24f-b580-4258-bfa4-1a60058b01f2",
                  "isHook": false,
                  "skipped": false
                }
              ],
              "suites": [],
              "passes": [
                "acb52887-b356-4975-88b7-520fcc4b08f1"
              ],
              "failures": [],
              "pending": [],
              "skipped": [],
              "duration": 5,
              "root": false,
              "rootEmpty": false,
              "_timeout": 30000
            },
            {
              "uuid": "b5356550-90f5-475f-ba4e-1d00d01be915",
              "title": "get /api/skuitems",
              "fullFile": "/Users/francescorosati/Desktop/Software engineering/Project/EzWh/code/server/acceptanceTest/testEzWhAPI.js",
              "file": "/acceptanceTest/testEzWhAPI.js",
              "beforeHooks": [],
              "afterHooks": [],
              "tests": [
                {
                  "title": "Getting SKUitems",
                  "fullTitle": "Test CR1 Item get /api/skuitems Getting SKUitems",
                  "timedOut": false,
                  "duration": 4,
                  "state": "passed",
                  "speed": "fast",
                  "pass": true,
                  "fail": false,
                  "pending": false,
                  "context": null,
                  "code": "agent.get('/api/skuitems')\n.then(function (res) {\n    console.log(res.body[0]);\n    res.should.have.status(expCode);\n    res.body.should.be.a('array');\n    res.body.length.should.be.equal(size);\n    let idSKUs = ids.getIdSku();\n    for (let i = 0; i < size; i++) {\n        res.body[i].RFID.should.equal(skuitems[i].RFID);\n        res.body[i].SKUId.should.equal(idSKUs[skuitems[i].SKUId]);\n        res.body[i].DateOfStock.should.equal(skuitems[i].DateOfStock);\n        if(skuitems[i].Available !== undefined){\n            res.body[i].Available.should.equal(skuitems[i].Available);\n            //console.log('null');\n        }\n    }\n    \n    done();                \n}).catch(err=>done(err));",
                  "err": {},
                  "uuid": "2010ce18-9114-48ad-9f2a-34e5191fad92",
                  "parentUUID": "b5356550-90f5-475f-ba4e-1d00d01be915",
                  "isHook": false,
                  "skipped": false
                }
              ],
              "suites": [],
              "passes": [
                "2010ce18-9114-48ad-9f2a-34e5191fad92"
              ],
              "failures": [],
              "pending": [],
              "skipped": [],
              "duration": 4,
              "root": false,
              "rootEmpty": false,
              "_timeout": 30000
            },
            {
              "uuid": "d1a5959b-939e-441b-9884-24ca135b3d24",
              "title": "removing all skus",
              "fullFile": "/Users/francescorosati/Desktop/Software engineering/Project/EzWh/code/server/acceptanceTest/testEzWhAPI.js",
              "file": "/acceptanceTest/testEzWhAPI.js",
              "beforeHooks": [],
              "afterHooks": [],
              "tests": [
                {
                  "title": "Getting SKUs",
                  "fullTitle": "Test CR1 Item removing all skus Getting SKUs",
                  "timedOut": false,
                  "duration": 5,
                  "state": "passed",
                  "speed": "fast",
                  "pass": true,
                  "fail": false,
                  "pending": false,
                  "context": null,
                  "code": "const res = await agent.get('/api/skus');\nconsole.log(res.body);\nres.should.have.status(200);\nif (res.body.length !==0) {\n    let res2;\n    for (let i = 0; i < res.body.length; i++) {\n        res2 = await\n        agent.delete('/api/skus/'+res.body[i].id);\n        res2.should.have.status(204);\n        console.log(\"Deleted \"+ res.body[i].id);\n    }\n} \nconsole.log(\"done!\");",
                  "err": {},
                  "uuid": "4bda80fc-23cb-404a-b66e-8c0c613e1fcf",
                  "parentUUID": "d1a5959b-939e-441b-9884-24ca135b3d24",
                  "isHook": false,
                  "skipped": false
                }
              ],
              "suites": [],
              "passes": [
                "4bda80fc-23cb-404a-b66e-8c0c613e1fcf"
              ],
              "failures": [],
              "pending": [],
              "skipped": [],
              "duration": 5,
              "root": false,
              "rootEmpty": false,
              "_timeout": 30000
            },
            {
              "uuid": "601afbfc-4310-4294-8abe-2c309a1e4d02",
              "title": "get /api/skus",
              "fullFile": "/Users/francescorosati/Desktop/Software engineering/Project/EzWh/code/server/acceptanceTest/testEzWhAPI.js",
              "file": "/acceptanceTest/testEzWhAPI.js",
              "beforeHooks": [],
              "afterHooks": [],
              "tests": [
                {
                  "title": "FR 2.3 -> List all SKUs",
                  "fullTitle": "Test CR1 Item get /api/skus FR 2.3 -> List all SKUs",
                  "timedOut": false,
                  "duration": 3,
                  "state": "passed",
                  "speed": "fast",
                  "pass": true,
                  "fail": false,
                  "pending": false,
                  "context": null,
                  "code": "agent.get('/api/skus')\n.then(function (res) {\n    res.should.have.status(expCode);\n    res.body.should.be.a('array');\n    res.body.length.should.be.eql(size);\n    let id = [];\n    if (size > 0) {\n        for (let i = 0; i < size; i++) {\n            id[i] = res.body[i].id;\n            res.body[i].description.should.equal(sku[i].description);\n            res.body[i].weight.should.equal(sku[i].weight);\n            res.body[i].volume.should.equal(sku[i].volume);\n            res.body[i].notes.should.equal(sku[i].notes);\n            res.body[i].availableQuantity.should.equal(sku[i].availableQuantity);\n            res.body[i].price.should.equal(sku[i].price);\n        }\n        ids.setIdSku(id);\n    }             \n    done();\n}).catch(err=>done(err));",
                  "err": {},
                  "uuid": "629ca22d-85d8-4edb-8448-8b4561463c0e",
                  "parentUUID": "601afbfc-4310-4294-8abe-2c309a1e4d02",
                  "isHook": false,
                  "skipped": false
                }
              ],
              "suites": [],
              "passes": [
                "629ca22d-85d8-4edb-8448-8b4561463c0e"
              ],
              "failures": [],
              "pending": [],
              "skipped": [],
              "duration": 3,
              "root": false,
              "rootEmpty": false,
              "_timeout": 30000
            },
            {
              "uuid": "5f91ba56-5a8d-43e7-87a4-9a3d8c50f393",
              "title": " Delete all not manager",
              "fullFile": "/Users/francescorosati/Desktop/Software engineering/Project/EzWh/code/server/acceptanceTest/testEzWhAPI.js",
              "file": "/acceptanceTest/testEzWhAPI.js",
              "beforeHooks": [],
              "afterHooks": [],
              "tests": [
                {
                  "title": "Cleaning db user util",
                  "fullTitle": "Test CR1 Item  Delete all not manager Cleaning db user util",
                  "timedOut": false,
                  "duration": 56,
                  "state": "passed",
                  "speed": "medium",
                  "pass": true,
                  "fail": false,
                  "pending": false,
                  "context": null,
                  "code": "const res = await agent.get('/api/users');\nconsole.log(res.body);\nres.should.have.status(200);\nif (res.body.length !==0) {\n    let res2;\n    for(let i=0; i<res.body.length; i++){\n        console.log(res.body[i].email);\n        res2 = await\n        agent.delete('/api/users/'+res.body[i].email+'/'+res.body[i].type);\n        console.log(res2.body);\n        res2.should.have.status(204);\n        console.log(\"Deleted \"+ res.body[i].email);                    \n    }                \n}\nconsole.log(\"done!\");",
                  "err": {},
                  "uuid": "6393629c-3e92-431c-97a3-51134d77681a",
                  "parentUUID": "5f91ba56-5a8d-43e7-87a4-9a3d8c50f393",
                  "isHook": false,
                  "skipped": false
                }
              ],
              "suites": [],
              "passes": [
                "6393629c-3e92-431c-97a3-51134d77681a"
              ],
              "failures": [],
              "pending": [],
              "skipped": [],
              "duration": 56,
              "root": false,
              "rootEmpty": false,
              "_timeout": 30000
            },
            {
              "uuid": "57d4cf0e-4310-4d63-9c75-d14e975786e1",
              "title": " post /api/newUser",
              "fullFile": "/Users/francescorosati/Desktop/Software engineering/Project/EzWh/code/server/acceptanceTest/testEzWhAPI.js",
              "file": "/acceptanceTest/testEzWhAPI.js",
              "beforeHooks": [],
              "afterHooks": [],
              "tests": [
                {
                  "title": "FR 1.1 a -> Define a new user",
                  "fullTitle": "Test CR1 Item  post /api/newUser FR 1.1 a -> Define a new user",
                  "timedOut": false,
                  "duration": 119,
                  "state": "passed",
                  "speed": "slow",
                  "pass": true,
                  "fail": false,
                  "pending": false,
                  "context": null,
                  "code": "agent.post('/api/newUser')\n.send(myuser)\n.then(function(res){\n    res.should.have.status(expCode);\n    done();\n}).catch(err=>done(err));",
                  "err": {},
                  "uuid": "f2a0908d-3889-42c5-95e9-27c03d816ffd",
                  "parentUUID": "57d4cf0e-4310-4d63-9c75-d14e975786e1",
                  "isHook": false,
                  "skipped": false
                }
              ],
              "suites": [],
              "passes": [
                "f2a0908d-3889-42c5-95e9-27c03d816ffd"
              ],
              "failures": [],
              "pending": [],
              "skipped": [],
              "duration": 119,
              "root": false,
              "rootEmpty": false,
              "_timeout": 30000
            },
            {
              "uuid": "4bce346b-2ae8-49e3-a14d-f295a154b10f",
              "title": " post /api/newUser",
              "fullFile": "/Users/francescorosati/Desktop/Software engineering/Project/EzWh/code/server/acceptanceTest/testEzWhAPI.js",
              "file": "/acceptanceTest/testEzWhAPI.js",
              "beforeHooks": [],
              "afterHooks": [],
              "tests": [
                {
                  "title": "FR 1.1 a -> Define a new user",
                  "fullTitle": "Test CR1 Item  post /api/newUser FR 1.1 a -> Define a new user",
                  "timedOut": false,
                  "duration": 164,
                  "state": "passed",
                  "speed": "slow",
                  "pass": true,
                  "fail": false,
                  "pending": false,
                  "context": null,
                  "code": "agent.post('/api/newUser')\n.send(myuser)\n.then(function(res){\n    res.should.have.status(expCode);\n    done();\n}).catch(err=>done(err));",
                  "err": {},
                  "uuid": "d0a8331a-ec2c-4ac7-8706-84fbf9aee62d",
                  "parentUUID": "4bce346b-2ae8-49e3-a14d-f295a154b10f",
                  "isHook": false,
                  "skipped": false
                }
              ],
              "suites": [],
              "passes": [
                "d0a8331a-ec2c-4ac7-8706-84fbf9aee62d"
              ],
              "failures": [],
              "pending": [],
              "skipped": [],
              "duration": 164,
              "root": false,
              "rootEmpty": false,
              "_timeout": 30000
            },
            {
              "uuid": "c982c7b7-201f-4b57-8531-12de7383c422",
              "title": " get /api/suppliers",
              "fullFile": "/Users/francescorosati/Desktop/Software engineering/Project/EzWh/code/server/acceptanceTest/testEzWhAPI.js",
              "file": "/acceptanceTest/testEzWhAPI.js",
              "beforeHooks": [],
              "afterHooks": [],
              "tests": [
                {
                  "title": " get all suppliers",
                  "fullTitle": "Test CR1 Item  get /api/suppliers  get all suppliers",
                  "timedOut": false,
                  "duration": 6,
                  "state": "passed",
                  "speed": "fast",
                  "pass": true,
                  "fail": false,
                  "pending": false,
                  "context": null,
                  "code": "let idsupp = [];\nagent.get('/api/suppliers')\n.then(function(res){\n    for(let i=0; i<res.body.length; i++){\n        idsupp[i] = res.body[i].id;\n    }\n    ids.setIdSuppliers(idsupp);\n    //console.log(res.body);\n    done();\n}).catch(err=>done(err));",
                  "err": {},
                  "uuid": "81e89127-d21b-413c-a11f-1cd1e3db50fa",
                  "parentUUID": "c982c7b7-201f-4b57-8531-12de7383c422",
                  "isHook": false,
                  "skipped": false
                }
              ],
              "suites": [],
              "passes": [
                "81e89127-d21b-413c-a11f-1cd1e3db50fa"
              ],
              "failures": [],
              "pending": [],
              "skipped": [],
              "duration": 6,
              "root": false,
              "rootEmpty": false,
              "_timeout": 30000
            },
            {
              "uuid": "7fdc5194-db5f-4867-a210-66da0276b543",
              "title": "post /api/sku/",
              "fullFile": "/Users/francescorosati/Desktop/Software engineering/Project/EzWh/code/server/acceptanceTest/testEzWhAPI.js",
              "file": "/acceptanceTest/testEzWhAPI.js",
              "beforeHooks": [],
              "afterHooks": [],
              "tests": [
                {
                  "title": "FR 2.1 a -> Define a new SKU",
                  "fullTitle": "Test CR1 Item post /api/sku/ FR 2.1 a -> Define a new SKU",
                  "timedOut": false,
                  "duration": 7,
                  "state": "passed",
                  "speed": "fast",
                  "pass": true,
                  "fail": false,
                  "pending": false,
                  "context": null,
                  "code": "agent.post('/api/sku/')\n.send(thesku)\n.then(function (res) {\n    res.should.have.status(expCode);\n    done();\n}).catch(err=>done(err));",
                  "err": {},
                  "uuid": "611b0d30-5faa-4e2e-89fe-31e088bb84fd",
                  "parentUUID": "7fdc5194-db5f-4867-a210-66da0276b543",
                  "isHook": false,
                  "skipped": false
                }
              ],
              "suites": [],
              "passes": [
                "611b0d30-5faa-4e2e-89fe-31e088bb84fd"
              ],
              "failures": [],
              "pending": [],
              "skipped": [],
              "duration": 7,
              "root": false,
              "rootEmpty": false,
              "_timeout": 30000
            },
            {
              "uuid": "edb3c353-27b3-4d0b-855e-d14b5d825da8",
              "title": "post /api/sku/",
              "fullFile": "/Users/francescorosati/Desktop/Software engineering/Project/EzWh/code/server/acceptanceTest/testEzWhAPI.js",
              "file": "/acceptanceTest/testEzWhAPI.js",
              "beforeHooks": [],
              "afterHooks": [],
              "tests": [
                {
                  "title": "FR 2.1 a -> Define a new SKU",
                  "fullTitle": "Test CR1 Item post /api/sku/ FR 2.1 a -> Define a new SKU",
                  "timedOut": false,
                  "duration": 9,
                  "state": "passed",
                  "speed": "fast",
                  "pass": true,
                  "fail": false,
                  "pending": false,
                  "context": null,
                  "code": "agent.post('/api/sku/')\n.send(thesku)\n.then(function (res) {\n    res.should.have.status(expCode);\n    done();\n}).catch(err=>done(err));",
                  "err": {},
                  "uuid": "f1db3528-4237-4b35-96c1-e9a35a823f65",
                  "parentUUID": "edb3c353-27b3-4d0b-855e-d14b5d825da8",
                  "isHook": false,
                  "skipped": false
                }
              ],
              "suites": [],
              "passes": [
                "f1db3528-4237-4b35-96c1-e9a35a823f65"
              ],
              "failures": [],
              "pending": [],
              "skipped": [],
              "duration": 9,
              "root": false,
              "rootEmpty": false,
              "_timeout": 30000
            },
            {
              "uuid": "347f7b7e-9728-4606-84d1-19dd99436e0c",
              "title": "get /api/skus",
              "fullFile": "/Users/francescorosati/Desktop/Software engineering/Project/EzWh/code/server/acceptanceTest/testEzWhAPI.js",
              "file": "/acceptanceTest/testEzWhAPI.js",
              "beforeHooks": [],
              "afterHooks": [],
              "tests": [
                {
                  "title": "FR 2.3 -> List all SKUs",
                  "fullTitle": "Test CR1 Item get /api/skus FR 2.3 -> List all SKUs",
                  "timedOut": false,
                  "duration": 4,
                  "state": "passed",
                  "speed": "fast",
                  "pass": true,
                  "fail": false,
                  "pending": false,
                  "context": null,
                  "code": "agent.get('/api/skus')\n.then(function (res) {\n    res.should.have.status(expCode);\n    res.body.should.be.a('array');\n    res.body.length.should.be.eql(size);\n    let id = [];\n    if (size > 0) {\n        for (let i = 0; i < size; i++) {\n            id[i] = res.body[i].id;\n            res.body[i].description.should.equal(sku[i].description);\n            res.body[i].weight.should.equal(sku[i].weight);\n            res.body[i].volume.should.equal(sku[i].volume);\n            res.body[i].notes.should.equal(sku[i].notes);\n            res.body[i].availableQuantity.should.equal(sku[i].availableQuantity);\n            res.body[i].price.should.equal(sku[i].price);\n        }\n        ids.setIdSku(id);\n    }             \n    done();\n}).catch(err=>done(err));",
                  "err": {},
                  "uuid": "1169ff29-a87a-4757-a85f-6fb6674e589a",
                  "parentUUID": "347f7b7e-9728-4606-84d1-19dd99436e0c",
                  "isHook": false,
                  "skipped": false
                }
              ],
              "suites": [],
              "passes": [
                "1169ff29-a87a-4757-a85f-6fb6674e589a"
              ],
              "failures": [],
              "pending": [],
              "skipped": [],
              "duration": 4,
              "root": false,
              "rootEmpty": false,
              "_timeout": 30000
            },
            {
              "uuid": "badd94e6-e7ef-480e-986a-c56baf12742c",
              "title": "post /api/item/",
              "fullFile": "/Users/francescorosati/Desktop/Software engineering/Project/EzWh/code/server/acceptanceTest/testEzWhAPI.js",
              "file": "/acceptanceTest/testEzWhAPI.js",
              "beforeHooks": [],
              "afterHooks": [],
              "tests": [
                {
                  "title": "Adding item details",
                  "fullTitle": "Test CR1 Item post /api/item/ Adding item details",
                  "timedOut": false,
                  "duration": 20,
                  "state": "passed",
                  "speed": "fast",
                  "pass": true,
                  "fail": false,
                  "pending": false,
                  "context": null,
                  "code": "let idskus = ids.getIdSku();\nlet idsupp = ids.getIdSuppliers();\nlet currskuid;\nif(myitem.SKUId === null || myitem.SKUId > idskus.length){\n    currskuid = myitem.SKUId;\n}\nelse{\n    currskuid = idskus[myitem.SKUId]\n}\nlet currentItem = newItem(myitem.id, myitem.description, myitem.price, currskuid, idsupp[myitem.supplierId]);\nagent.post('/api/item')\n.send(currentItem)\n.then(res => {\n    //console.log(res);\n    assert.equal(res.status, expCode);\n    done();\n}).catch(err => done(err));",
                  "err": {},
                  "uuid": "722d88c6-4753-44be-95e1-03b24cfc1ae2",
                  "parentUUID": "badd94e6-e7ef-480e-986a-c56baf12742c",
                  "isHook": false,
                  "skipped": false
                }
              ],
              "suites": [],
              "passes": [
                "722d88c6-4753-44be-95e1-03b24cfc1ae2"
              ],
              "failures": [],
              "pending": [],
              "skipped": [],
              "duration": 20,
              "root": false,
              "rootEmpty": false,
              "_timeout": 30000
            },
            {
              "uuid": "114398e6-3361-4bde-8e07-852615a20c03",
              "title": "post /api/item/",
              "fullFile": "/Users/francescorosati/Desktop/Software engineering/Project/EzWh/code/server/acceptanceTest/testEzWhAPI.js",
              "file": "/acceptanceTest/testEzWhAPI.js",
              "beforeHooks": [],
              "afterHooks": [],
              "tests": [
                {
                  "title": "Adding item details",
                  "fullTitle": "Test CR1 Item post /api/item/ Adding item details",
                  "timedOut": false,
                  "duration": 4,
                  "state": "passed",
                  "speed": "fast",
                  "pass": true,
                  "fail": false,
                  "pending": false,
                  "context": null,
                  "code": "let idskus = ids.getIdSku();\nlet idsupp = ids.getIdSuppliers();\nlet currskuid;\nif(myitem.SKUId === null || myitem.SKUId > idskus.length){\n    currskuid = myitem.SKUId;\n}\nelse{\n    currskuid = idskus[myitem.SKUId]\n}\nlet currentItem = newItem(myitem.id, myitem.description, myitem.price, currskuid, idsupp[myitem.supplierId]);\nagent.post('/api/item')\n.send(currentItem)\n.then(res => {\n    //console.log(res);\n    assert.equal(res.status, expCode);\n    done();\n}).catch(err => done(err));",
                  "err": {},
                  "uuid": "cc806114-0279-4d6c-aaae-70dc36fc4d81",
                  "parentUUID": "114398e6-3361-4bde-8e07-852615a20c03",
                  "isHook": false,
                  "skipped": false
                }
              ],
              "suites": [],
              "passes": [
                "cc806114-0279-4d6c-aaae-70dc36fc4d81"
              ],
              "failures": [],
              "pending": [],
              "skipped": [],
              "duration": 4,
              "root": false,
              "rootEmpty": false,
              "_timeout": 30000
            },
            {
              "uuid": "f5d2ef9b-13d6-423d-93df-86b85f7cfa2b",
              "title": "Get all items",
              "fullFile": "/Users/francescorosati/Desktop/Software engineering/Project/EzWh/code/server/acceptanceTest/testEzWhAPI.js",
              "file": "/acceptanceTest/testEzWhAPI.js",
              "beforeHooks": [],
              "afterHooks": [],
              "tests": [
                {
                  "title": "get /api/items/",
                  "fullTitle": "Test CR1 Item Get all items get /api/items/",
                  "timedOut": false,
                  "duration": 3,
                  "state": "passed",
                  "speed": "fast",
                  "pass": true,
                  "fail": false,
                  "pending": false,
                  "context": null,
                  "code": "agent.get('/api/items')\n.then(function(res){\n    console.log(res.body);\n    res.should.have.status(expCode);\n    res.body.should.be.a('array');\n    res.body.length.should.be.equal(size);\n    done();\n}).catch(err => done(err));",
                  "err": {},
                  "uuid": "527205db-7678-4539-8773-5421e4bf3e69",
                  "parentUUID": "f5d2ef9b-13d6-423d-93df-86b85f7cfa2b",
                  "isHook": false,
                  "skipped": false
                }
              ],
              "suites": [],
              "passes": [
                "527205db-7678-4539-8773-5421e4bf3e69"
              ],
              "failures": [],
              "pending": [],
              "skipped": [],
              "duration": 3,
              "root": false,
              "rootEmpty": false,
              "_timeout": 30000
            },
            {
              "uuid": "46165850-4ece-4c41-a063-c6c072146634",
              "title": "get /api/items/:id",
              "fullFile": "/Users/francescorosati/Desktop/Software engineering/Project/EzWh/code/server/acceptanceTest/testEzWhAPI.js",
              "file": "/acceptanceTest/testEzWhAPI.js",
              "beforeHooks": [],
              "afterHooks": [],
              "tests": [
                {
                  "title": "Gettim item details",
                  "fullTitle": "Test CR1 Item get /api/items/:id Gettim item details",
                  "timedOut": false,
                  "duration": 5,
                  "state": "passed",
                  "speed": "fast",
                  "pass": true,
                  "fail": false,
                  "pending": false,
                  "context": null,
                  "code": "let idsupp = ids.getIdSuppliers();\nagent.get('/api/items/'+itemid+'/'+idsupp[myexpitem.supplierId])\n.then(r => {\n    let idskus = ids.getIdSku();\n    assert.equal(r.status, expCode);\n    if (r.status == 200) {\n        r.body.should.be.a('object');\n        r.body.id.should.equal(itemid);\n        r.body.description.should.equal(myexpitem.description);\n        r.body.price.should.equal(myexpitem.price);\n        r.body.SKUId.should.equal(idskus[myexpitem.SKUId]);\n        r.body.supplierId.should.equal(idsupp[myexpitem.supplierId]);\n    }\n    done();\n}).catch(err => done(err));",
                  "err": {},
                  "uuid": "b0c844d8-6e27-4932-bd2f-668a24102f17",
                  "parentUUID": "46165850-4ece-4c41-a063-c6c072146634",
                  "isHook": false,
                  "skipped": false
                }
              ],
              "suites": [],
              "passes": [
                "b0c844d8-6e27-4932-bd2f-668a24102f17"
              ],
              "failures": [],
              "pending": [],
              "skipped": [],
              "duration": 5,
              "root": false,
              "rootEmpty": false,
              "_timeout": 30000
            },
            {
              "uuid": "c7569de3-921b-4123-8b57-5d4faaf54798",
              "title": "get /api/items/:id",
              "fullFile": "/Users/francescorosati/Desktop/Software engineering/Project/EzWh/code/server/acceptanceTest/testEzWhAPI.js",
              "file": "/acceptanceTest/testEzWhAPI.js",
              "beforeHooks": [],
              "afterHooks": [],
              "tests": [
                {
                  "title": "Gettim item details",
                  "fullTitle": "Test CR1 Item get /api/items/:id Gettim item details",
                  "timedOut": false,
                  "duration": 3,
                  "state": "passed",
                  "speed": "fast",
                  "pass": true,
                  "fail": false,
                  "pending": false,
                  "context": null,
                  "code": "let idsupp = ids.getIdSuppliers();\nagent.get('/api/items/'+wrongid+'/'+idsupp[myexpitem.supplierId])\n.then(r => {\n    assert.equal(r.status, expCode);\n    done();\n}).catch(err => done(err));",
                  "err": {},
                  "uuid": "6a25c1d6-6f58-476d-8090-df792ce65dd1",
                  "parentUUID": "c7569de3-921b-4123-8b57-5d4faaf54798",
                  "isHook": false,
                  "skipped": false
                }
              ],
              "suites": [],
              "passes": [
                "6a25c1d6-6f58-476d-8090-df792ce65dd1"
              ],
              "failures": [],
              "pending": [],
              "skipped": [],
              "duration": 3,
              "root": false,
              "rootEmpty": false,
              "_timeout": 30000
            },
            {
              "uuid": "5a6974eb-9f5f-4c79-91a6-5c0c177268a1",
              "title": " put /api/item/:id",
              "fullFile": "/Users/francescorosati/Desktop/Software engineering/Project/EzWh/code/server/acceptanceTest/testEzWhAPI.js",
              "file": "/acceptanceTest/testEzWhAPI.js",
              "beforeHooks": [],
              "afterHooks": [],
              "tests": [
                {
                  "title": "Modify an item given its ID and new fields",
                  "fullTitle": "Test CR1 Item  put /api/item/:id Modify an item given its ID and new fields",
                  "timedOut": false,
                  "duration": 6,
                  "state": "passed",
                  "speed": "fast",
                  "pass": true,
                  "fail": false,
                  "pending": false,
                  "context": null,
                  "code": "let idsupp = ids.getIdSuppliers();\nagent.put('/api/item/'+myedititem.id+'/'+idsupp[myedititem.supplierId])\n.send(updateItem(myedititem.description, myedititem.price))\n.then(res => {\n    if(expCode != 404){\n        let idsku = ids.getIdSku();\n        assert.equal(res.status, expCode);\n        agent.get('/api/items/'+myedititem.id+'/'+idsupp[myedititem.supplierId])\n        .then (r => {\n            console.log(r.body);\n            assert.equal(r.status,200);\n            r.body.should.be.a('object');\n            r.body.id.should.equal(myedititem.id);\n            r.body.description.should.equal(myedititem.description);\n            r.body.price.should.equal(myedititem.price);\n            r.body.SKUId.should.equal(idsku[myedititem.SKUId]);\n            r.body.supplierId.should.equal(idsupp[myexpitem.supplierId]);\n        });\n    }\n    else{\n        res.should.have.status(expCode);\n    }\n    done();\n}).catch(err=>done(err));",
                  "err": {},
                  "uuid": "ed2ee06d-5142-444b-a97d-3da17968bd43",
                  "parentUUID": "5a6974eb-9f5f-4c79-91a6-5c0c177268a1",
                  "isHook": false,
                  "skipped": false
                }
              ],
              "suites": [],
              "passes": [
                "ed2ee06d-5142-444b-a97d-3da17968bd43"
              ],
              "failures": [],
              "pending": [],
              "skipped": [],
              "duration": 6,
              "root": false,
              "rootEmpty": false,
              "_timeout": 30000
            },
            {
              "uuid": "ada2cd10-09b4-4f6e-9722-b18a012a8209",
              "title": " put /api/item/:id",
              "fullFile": "/Users/francescorosati/Desktop/Software engineering/Project/EzWh/code/server/acceptanceTest/testEzWhAPI.js",
              "file": "/acceptanceTest/testEzWhAPI.js",
              "beforeHooks": [],
              "afterHooks": [],
              "tests": [
                {
                  "title": "Modify an item given its ID and new fields",
                  "fullTitle": "Test CR1 Item  put /api/item/:id Modify an item given its ID and new fields",
                  "timedOut": false,
                  "duration": 4,
                  "state": "passed",
                  "speed": "fast",
                  "pass": true,
                  "fail": false,
                  "pending": false,
                  "context": null,
                  "code": "let idsupp = ids.getIdSuppliers();\nagent.put('/api/item/'+myedititem.id+'/'+idsupp[myedititem.supplierId])\n.send(updateItem(myedititem.description, myedititem.price))\n.then(res => {\n    if(expCode != 404){\n        let idsku = ids.getIdSku();\n        assert.equal(res.status, expCode);\n        agent.get('/api/items/'+myedititem.id+'/'+idsupp[myedititem.supplierId])\n        .then (r => {\n            console.log(r.body);\n            assert.equal(r.status,200);\n            r.body.should.be.a('object');\n            r.body.id.should.equal(myedititem.id);\n            r.body.description.should.equal(myedititem.description);\n            r.body.price.should.equal(myedititem.price);\n            r.body.SKUId.should.equal(idsku[myedititem.SKUId]);\n            r.body.supplierId.should.equal(idsupp[myexpitem.supplierId]);\n        });\n    }\n    else{\n        res.should.have.status(expCode);\n    }\n    done();\n}).catch(err=>done(err));",
                  "err": {},
                  "uuid": "48bfd240-9bbc-4669-a30d-febf2400920d",
                  "parentUUID": "ada2cd10-09b4-4f6e-9722-b18a012a8209",
                  "isHook": false,
                  "skipped": false
                }
              ],
              "suites": [],
              "passes": [
                "48bfd240-9bbc-4669-a30d-febf2400920d"
              ],
              "failures": [],
              "pending": [],
              "skipped": [],
              "duration": 4,
              "root": false,
              "rootEmpty": false,
              "_timeout": 30000
            },
            {
              "uuid": "90115b57-2121-4f23-bed9-5731456cc59f",
              "title": " delete /api/items/:id",
              "fullFile": "/Users/francescorosati/Desktop/Software engineering/Project/EzWh/code/server/acceptanceTest/testEzWhAPI.js",
              "file": "/acceptanceTest/testEzWhAPI.js",
              "beforeHooks": [],
              "afterHooks": [],
              "tests": [
                {
                  "title": "Delete an item given its id",
                  "fullTitle": "Test CR1 Item  delete /api/items/:id Delete an item given its id",
                  "timedOut": false,
                  "duration": 5,
                  "state": "passed",
                  "speed": "fast",
                  "pass": true,
                  "fail": false,
                  "pending": false,
                  "context": null,
                  "code": "let idsupp = ids.getIdSuppliers();\nagent.delete('/api/items/'+myitem.id+'/'+idsupp[myitem.supplierId])\n.then(function(res){\n    res.should.have.status(expCode);\n    done();\n}).catch(err => done(err));",
                  "err": {},
                  "uuid": "9e45c21c-0595-442c-9de5-4cfa59c26ca3",
                  "parentUUID": "90115b57-2121-4f23-bed9-5731456cc59f",
                  "isHook": false,
                  "skipped": false
                }
              ],
              "suites": [],
              "passes": [
                "9e45c21c-0595-442c-9de5-4cfa59c26ca3"
              ],
              "failures": [],
              "pending": [],
              "skipped": [],
              "duration": 5,
              "root": false,
              "rootEmpty": false,
              "_timeout": 30000
            },
            {
              "uuid": "0de82a01-87f6-40db-b482-173426d7a2fe",
              "title": "Removing all Items",
              "fullFile": "/Users/francescorosati/Desktop/Software engineering/Project/EzWh/code/server/acceptanceTest/testEzWhAPI.js",
              "file": "/acceptanceTest/testEzWhAPI.js",
              "beforeHooks": [],
              "afterHooks": [],
              "tests": [
                {
                  "title": "get /api/items/",
                  "fullTitle": "Test CR1 Item Removing all Items get /api/items/",
                  "timedOut": false,
                  "duration": 3,
                  "state": "passed",
                  "speed": "fast",
                  "pass": true,
                  "fail": false,
                  "pending": false,
                  "context": null,
                  "code": "const res = await agent.get('/api/items');\nconsole.log(res.body);\nres.should.have.status(200);\nif(res.body.length !==0) {\n    let res2;\n    for (let i = 0; i< res.body.length; i++){\n        res2 = await\n        agent.delete('/api/items/'+res.body[i].id+'/'+res.body[i].supplierId);\n        res2.should.have.status(204);\n        console.log(\"Deleted \" + res.body[i].id + \" by supplier \"+ res.body[i].supplierId);\n    }\n}",
                  "err": {},
                  "uuid": "2428539c-36cf-4b96-af84-0128acc4d6fa",
                  "parentUUID": "0de82a01-87f6-40db-b482-173426d7a2fe",
                  "isHook": false,
                  "skipped": false
                }
              ],
              "suites": [],
              "passes": [
                "2428539c-36cf-4b96-af84-0128acc4d6fa"
              ],
              "failures": [],
              "pending": [],
              "skipped": [],
              "duration": 3,
              "root": false,
              "rootEmpty": false,
              "_timeout": 30000
            },
            {
              "uuid": "de2ca074-a88e-4a19-bcbf-440df26c4b8f",
              "title": "removing all skuitems",
              "fullFile": "/Users/francescorosati/Desktop/Software engineering/Project/EzWh/code/server/acceptanceTest/testEzWhAPI.js",
              "file": "/acceptanceTest/testEzWhAPI.js",
              "beforeHooks": [],
              "afterHooks": [],
              "tests": [
                {
                  "title": "Getting SKUitems",
                  "fullTitle": "Test CR1 Item removing all skuitems Getting SKUitems",
                  "timedOut": false,
                  "duration": 2,
                  "state": "passed",
                  "speed": "fast",
                  "pass": true,
                  "fail": false,
                  "pending": false,
                  "context": null,
                  "code": "const res = await agent.get('/api/skuitems');\nconsole.log(res.body);\nres.should.have.status(200);\nif (res.body.length !==0) {\n    let res2;\n    for (let i = 0; i < res.body.length; i++) {\n        res2 = await\n        agent.delete('/api/skuitems/'+res.body[i].RFID);\n        res2.should.have.status(204);\n        console.log(\"Deleted \"+ res.body[i].RFID);\n    }\n}\nconsole.log(\"done!\");",
                  "err": {},
                  "uuid": "22ca3974-ce40-4adb-8bdf-ffedfab99717",
                  "parentUUID": "de2ca074-a88e-4a19-bcbf-440df26c4b8f",
                  "isHook": false,
                  "skipped": false
                }
              ],
              "suites": [],
              "passes": [
                "22ca3974-ce40-4adb-8bdf-ffedfab99717"
              ],
              "failures": [],
              "pending": [],
              "skipped": [],
              "duration": 2,
              "root": false,
              "rootEmpty": false,
              "_timeout": 30000
            },
            {
              "uuid": "f6614ba3-f014-4c4c-aea6-7e752bcc3eed",
              "title": "removing all skus",
              "fullFile": "/Users/francescorosati/Desktop/Software engineering/Project/EzWh/code/server/acceptanceTest/testEzWhAPI.js",
              "file": "/acceptanceTest/testEzWhAPI.js",
              "beforeHooks": [],
              "afterHooks": [],
              "tests": [
                {
                  "title": "Getting SKUs",
                  "fullTitle": "Test CR1 Item removing all skus Getting SKUs",
                  "timedOut": false,
                  "duration": 25,
                  "state": "passed",
                  "speed": "fast",
                  "pass": true,
                  "fail": false,
                  "pending": false,
                  "context": null,
                  "code": "const res = await agent.get('/api/skus');\nconsole.log(res.body);\nres.should.have.status(200);\nif (res.body.length !==0) {\n    let res2;\n    for (let i = 0; i < res.body.length; i++) {\n        res2 = await\n        agent.delete('/api/skus/'+res.body[i].id);\n        res2.should.have.status(204);\n        console.log(\"Deleted \"+ res.body[i].id);\n    }\n} \nconsole.log(\"done!\");",
                  "err": {},
                  "uuid": "4ed594de-9a94-4d46-a8fd-81910364c339",
                  "parentUUID": "f6614ba3-f014-4c4c-aea6-7e752bcc3eed",
                  "isHook": false,
                  "skipped": false
                }
              ],
              "suites": [],
              "passes": [
                "4ed594de-9a94-4d46-a8fd-81910364c339"
              ],
              "failures": [],
              "pending": [],
              "skipped": [],
              "duration": 25,
              "root": false,
              "rootEmpty": false,
              "_timeout": 30000
            }
          ],
          "passes": [],
          "failures": [],
          "pending": [],
          "skipped": [],
          "duration": 0,
          "root": false,
          "rootEmpty": false,
          "_timeout": 30000
        },
        {
          "uuid": "fb3dd07d-7439-4b65-ab2c-3bf61671e866",
          "title": "Test CR1 RestockOrder",
          "fullFile": "/Users/francescorosati/Desktop/Software engineering/Project/EzWh/code/server/acceptanceTest/testEzWhAPI.js",
          "file": "/acceptanceTest/testEzWhAPI.js",
          "beforeHooks": [],
          "afterHooks": [],
          "tests": [],
          "suites": [
            {
              "uuid": "f8fb0e47-0e43-42bb-9877-38e2b3b1484d",
              "title": "Removing all Restock orders",
              "fullFile": "/Users/francescorosati/Desktop/Software engineering/Project/EzWh/code/server/acceptanceTest/testEzWhAPI.js",
              "file": "/acceptanceTest/testEzWhAPI.js",
              "beforeHooks": [],
              "afterHooks": [],
              "tests": [
                {
                  "title": "Getting and removing",
                  "fullTitle": "Test CR1 RestockOrder Removing all Restock orders Getting and removing",
                  "timedOut": false,
                  "duration": 5,
                  "state": "passed",
                  "speed": "fast",
                  "pass": true,
                  "fail": false,
                  "pending": false,
                  "context": null,
                  "code": "const res = await agent.get('/api/restockOrders');\nconsole.log(res.body);\nres.should.have.status(200);\nif(res.body.length !==0){\n    let res2;\n    for( let i=0; i< res.body.length; i++){\n        res2 = await\n        agent.delete('/api/restockOrder/'+res.body[i].id);\n        res2.should.have.status(204);\n        console.log(\"Deleted \"+ res.body[i].id);\n    }\n}\nconsole.log(\"done!\");",
                  "err": {},
                  "uuid": "5f850bdc-0093-449d-bb80-48f02d84ee6e",
                  "parentUUID": "f8fb0e47-0e43-42bb-9877-38e2b3b1484d",
                  "isHook": false,
                  "skipped": false
                }
              ],
              "suites": [],
              "passes": [
                "5f850bdc-0093-449d-bb80-48f02d84ee6e"
              ],
              "failures": [],
              "pending": [],
              "skipped": [],
              "duration": 5,
              "root": false,
              "rootEmpty": false,
              "_timeout": 30000
            },
            {
              "uuid": "334beb39-f653-4bcf-b24c-ca08e05d55ff",
              "title": " get /api/restockOrders",
              "fullFile": "/Users/francescorosati/Desktop/Software engineering/Project/EzWh/code/server/acceptanceTest/testEzWhAPI.js",
              "file": "/acceptanceTest/testEzWhAPI.js",
              "beforeHooks": [],
              "afterHooks": [],
              "tests": [
                {
                  "title": " get all restock orders",
                  "fullTitle": "Test CR1 RestockOrder  get /api/restockOrders  get all restock orders",
                  "timedOut": false,
                  "duration": 140,
                  "state": "passed",
                  "speed": "slow",
                  "pass": true,
                  "fail": false,
                  "pending": false,
                  "context": null,
                  "code": "agent.get('/api/restockOrders')\n.then(function(res){\n    res.should.have.status(expCode);\n    res.body.should.be.a('array');\n    let idsupp = ids.getIdSuppliers();\n    let idskus  = ids.getIdSku();\n    let idrestord = [];\n    res.body.length.should.be.eql(myrestocks.length);\n    for(let i = 0; i<res.body.length; i++){\n        idrestord[i] = res.body[i].id;\n        res.body[i].issueDate.should.equal(myrestocks[i].issueDate);\n        res.body[i].supplierId.should.equal(idsupp[myrestocks[i].supplierId]);\n        for(let j = 0; j<res.body[i].products.length; j++){\n            res.body[i].products[j].SKUId.should.equal(idskus[myrestocks[i].products[j].SKUId]);\n            res.body[i].products[j].itemId.should.equal(myrestocks[i].products[j].itemId);\n            res.body[i].products[j].description.should.equal(myrestocks[i].products[j].description);\n            res.body[i].products[j].price.should.equal(myrestocks[i].products[j].price);\n            res.body[i].products[j].qty.should.equal(myrestocks[i].products[j].qty);\n        }\n    }\n    ids.setIdRestockOrders(idrestord);\n    done();\n}).catch(err=>done(err));",
                  "err": {},
                  "uuid": "d5464661-c6a6-4345-99f6-6895d5f9cf02",
                  "parentUUID": "334beb39-f653-4bcf-b24c-ca08e05d55ff",
                  "isHook": false,
                  "skipped": false
                }
              ],
              "suites": [],
              "passes": [
                "d5464661-c6a6-4345-99f6-6895d5f9cf02"
              ],
              "failures": [],
              "pending": [],
              "skipped": [],
              "duration": 140,
              "root": false,
              "rootEmpty": false,
              "_timeout": 30000
            },
            {
              "uuid": "fd461215-ac27-4ff1-bda6-61e49099e504",
              "title": "removing all skuitems",
              "fullFile": "/Users/francescorosati/Desktop/Software engineering/Project/EzWh/code/server/acceptanceTest/testEzWhAPI.js",
              "file": "/acceptanceTest/testEzWhAPI.js",
              "beforeHooks": [],
              "afterHooks": [],
              "tests": [
                {
                  "title": "Getting SKUitems",
                  "fullTitle": "Test CR1 RestockOrder removing all skuitems Getting SKUitems",
                  "timedOut": false,
                  "duration": 3,
                  "state": "passed",
                  "speed": "fast",
                  "pass": true,
                  "fail": false,
                  "pending": false,
                  "context": null,
                  "code": "const res = await agent.get('/api/skuitems');\nconsole.log(res.body);\nres.should.have.status(200);\nif (res.body.length !==0) {\n    let res2;\n    for (let i = 0; i < res.body.length; i++) {\n        res2 = await\n        agent.delete('/api/skuitems/'+res.body[i].RFID);\n        res2.should.have.status(204);\n        console.log(\"Deleted \"+ res.body[i].RFID);\n    }\n}\nconsole.log(\"done!\");",
                  "err": {},
                  "uuid": "d3349a0d-552f-4636-ab22-94d7765b10c6",
                  "parentUUID": "fd461215-ac27-4ff1-bda6-61e49099e504",
                  "isHook": false,
                  "skipped": false
                }
              ],
              "suites": [],
              "passes": [
                "d3349a0d-552f-4636-ab22-94d7765b10c6"
              ],
              "failures": [],
              "pending": [],
              "skipped": [],
              "duration": 3,
              "root": false,
              "rootEmpty": false,
              "_timeout": 30000
            },
            {
              "uuid": "ada5ec96-a670-4dc0-875b-47ee6c637fea",
              "title": "get /api/skuitems",
              "fullFile": "/Users/francescorosati/Desktop/Software engineering/Project/EzWh/code/server/acceptanceTest/testEzWhAPI.js",
              "file": "/acceptanceTest/testEzWhAPI.js",
              "beforeHooks": [],
              "afterHooks": [],
              "tests": [
                {
                  "title": "Getting SKUitems",
                  "fullTitle": "Test CR1 RestockOrder get /api/skuitems Getting SKUitems",
                  "timedOut": false,
                  "duration": 4,
                  "state": "passed",
                  "speed": "fast",
                  "pass": true,
                  "fail": false,
                  "pending": false,
                  "context": null,
                  "code": "agent.get('/api/skuitems')\n.then(function (res) {\n    console.log(res.body[0]);\n    res.should.have.status(expCode);\n    res.body.should.be.a('array');\n    res.body.length.should.be.equal(size);\n    let idSKUs = ids.getIdSku();\n    for (let i = 0; i < size; i++) {\n        res.body[i].RFID.should.equal(skuitems[i].RFID);\n        res.body[i].SKUId.should.equal(idSKUs[skuitems[i].SKUId]);\n        res.body[i].DateOfStock.should.equal(skuitems[i].DateOfStock);\n        if(skuitems[i].Available !== undefined){\n            res.body[i].Available.should.equal(skuitems[i].Available);\n            //console.log('null');\n        }\n    }\n    \n    done();                \n}).catch(err=>done(err));",
                  "err": {},
                  "uuid": "f53b089b-16ba-469a-a0e7-92cf5c30a13a",
                  "parentUUID": "ada5ec96-a670-4dc0-875b-47ee6c637fea",
                  "isHook": false,
                  "skipped": false
                }
              ],
              "suites": [],
              "passes": [
                "f53b089b-16ba-469a-a0e7-92cf5c30a13a"
              ],
              "failures": [],
              "pending": [],
              "skipped": [],
              "duration": 4,
              "root": false,
              "rootEmpty": false,
              "_timeout": 30000
            },
            {
              "uuid": "1f0aa69d-bed4-4e59-85bb-22fd273922b5",
              "title": "removing all skus",
              "fullFile": "/Users/francescorosati/Desktop/Software engineering/Project/EzWh/code/server/acceptanceTest/testEzWhAPI.js",
              "file": "/acceptanceTest/testEzWhAPI.js",
              "beforeHooks": [],
              "afterHooks": [],
              "tests": [
                {
                  "title": "Getting SKUs",
                  "fullTitle": "Test CR1 RestockOrder removing all skus Getting SKUs",
                  "timedOut": false,
                  "duration": 3,
                  "state": "passed",
                  "speed": "fast",
                  "pass": true,
                  "fail": false,
                  "pending": false,
                  "context": null,
                  "code": "const res = await agent.get('/api/skus');\nconsole.log(res.body);\nres.should.have.status(200);\nif (res.body.length !==0) {\n    let res2;\n    for (let i = 0; i < res.body.length; i++) {\n        res2 = await\n        agent.delete('/api/skus/'+res.body[i].id);\n        res2.should.have.status(204);\n        console.log(\"Deleted \"+ res.body[i].id);\n    }\n} \nconsole.log(\"done!\");",
                  "err": {},
                  "uuid": "282fbde5-123f-45d8-9f69-50c694cb8a8e",
                  "parentUUID": "1f0aa69d-bed4-4e59-85bb-22fd273922b5",
                  "isHook": false,
                  "skipped": false
                }
              ],
              "suites": [],
              "passes": [
                "282fbde5-123f-45d8-9f69-50c694cb8a8e"
              ],
              "failures": [],
              "pending": [],
              "skipped": [],
              "duration": 3,
              "root": false,
              "rootEmpty": false,
              "_timeout": 30000
            },
            {
              "uuid": "bb794e23-0f5d-4a34-9aad-ba40658a5f8c",
              "title": "get /api/skus",
              "fullFile": "/Users/francescorosati/Desktop/Software engineering/Project/EzWh/code/server/acceptanceTest/testEzWhAPI.js",
              "file": "/acceptanceTest/testEzWhAPI.js",
              "beforeHooks": [],
              "afterHooks": [],
              "tests": [
                {
                  "title": "FR 2.3 -> List all SKUs",
                  "fullTitle": "Test CR1 RestockOrder get /api/skus FR 2.3 -> List all SKUs",
                  "timedOut": false,
                  "duration": 4,
                  "state": "passed",
                  "speed": "fast",
                  "pass": true,
                  "fail": false,
                  "pending": false,
                  "context": null,
                  "code": "agent.get('/api/skus')\n.then(function (res) {\n    res.should.have.status(expCode);\n    res.body.should.be.a('array');\n    res.body.length.should.be.eql(size);\n    let id = [];\n    if (size > 0) {\n        for (let i = 0; i < size; i++) {\n            id[i] = res.body[i].id;\n            res.body[i].description.should.equal(sku[i].description);\n            res.body[i].weight.should.equal(sku[i].weight);\n            res.body[i].volume.should.equal(sku[i].volume);\n            res.body[i].notes.should.equal(sku[i].notes);\n            res.body[i].availableQuantity.should.equal(sku[i].availableQuantity);\n            res.body[i].price.should.equal(sku[i].price);\n        }\n        ids.setIdSku(id);\n    }             \n    done();\n}).catch(err=>done(err));",
                  "err": {},
                  "uuid": "9ce8cade-97c4-499f-9faf-eb92ae38a9dd",
                  "parentUUID": "bb794e23-0f5d-4a34-9aad-ba40658a5f8c",
                  "isHook": false,
                  "skipped": false
                }
              ],
              "suites": [],
              "passes": [
                "9ce8cade-97c4-499f-9faf-eb92ae38a9dd"
              ],
              "failures": [],
              "pending": [],
              "skipped": [],
              "duration": 4,
              "root": false,
              "rootEmpty": false,
              "_timeout": 30000
            },
            {
              "uuid": "d3f67147-52ec-44a3-aa81-21b8b05710db",
              "title": " Delete all not manager",
              "fullFile": "/Users/francescorosati/Desktop/Software engineering/Project/EzWh/code/server/acceptanceTest/testEzWhAPI.js",
              "file": "/acceptanceTest/testEzWhAPI.js",
              "beforeHooks": [],
              "afterHooks": [],
              "tests": [
                {
                  "title": "Cleaning db user util",
                  "fullTitle": "Test CR1 RestockOrder  Delete all not manager Cleaning db user util",
                  "timedOut": false,
                  "duration": 32,
                  "state": "passed",
                  "speed": "fast",
                  "pass": true,
                  "fail": false,
                  "pending": false,
                  "context": null,
                  "code": "const res = await agent.get('/api/users');\nconsole.log(res.body);\nres.should.have.status(200);\nif (res.body.length !==0) {\n    let res2;\n    for(let i=0; i<res.body.length; i++){\n        console.log(res.body[i].email);\n        res2 = await\n        agent.delete('/api/users/'+res.body[i].email+'/'+res.body[i].type);\n        console.log(res2.body);\n        res2.should.have.status(204);\n        console.log(\"Deleted \"+ res.body[i].email);                    \n    }                \n}\nconsole.log(\"done!\");",
                  "err": {},
                  "uuid": "f0f7bf73-f811-4702-ac29-3bc3613b0f31",
                  "parentUUID": "d3f67147-52ec-44a3-aa81-21b8b05710db",
                  "isHook": false,
                  "skipped": false
                }
              ],
              "suites": [],
              "passes": [
                "f0f7bf73-f811-4702-ac29-3bc3613b0f31"
              ],
              "failures": [],
              "pending": [],
              "skipped": [],
              "duration": 32,
              "root": false,
              "rootEmpty": false,
              "_timeout": 30000
            },
            {
              "uuid": "b859b4e6-3a34-4f17-8957-3488ab9d5e8b",
              "title": "post /api/sku/",
              "fullFile": "/Users/francescorosati/Desktop/Software engineering/Project/EzWh/code/server/acceptanceTest/testEzWhAPI.js",
              "file": "/acceptanceTest/testEzWhAPI.js",
              "beforeHooks": [],
              "afterHooks": [],
              "tests": [
                {
                  "title": "FR 2.1 a -> Define a new SKU",
                  "fullTitle": "Test CR1 RestockOrder post /api/sku/ FR 2.1 a -> Define a new SKU",
                  "timedOut": false,
                  "duration": 4,
                  "state": "passed",
                  "speed": "fast",
                  "pass": true,
                  "fail": false,
                  "pending": false,
                  "context": null,
                  "code": "agent.post('/api/sku/')\n.send(thesku)\n.then(function (res) {\n    res.should.have.status(expCode);\n    done();\n}).catch(err=>done(err));",
                  "err": {},
                  "uuid": "6a6f1b38-eb14-4d56-927d-443d40fae943",
                  "parentUUID": "b859b4e6-3a34-4f17-8957-3488ab9d5e8b",
                  "isHook": false,
                  "skipped": false
                }
              ],
              "suites": [],
              "passes": [
                "6a6f1b38-eb14-4d56-927d-443d40fae943"
              ],
              "failures": [],
              "pending": [],
              "skipped": [],
              "duration": 4,
              "root": false,
              "rootEmpty": false,
              "_timeout": 30000
            },
            {
              "uuid": "4d981dc0-0133-4a5d-b476-e1caf7c31128",
              "title": "post /api/sku/",
              "fullFile": "/Users/francescorosati/Desktop/Software engineering/Project/EzWh/code/server/acceptanceTest/testEzWhAPI.js",
              "file": "/acceptanceTest/testEzWhAPI.js",
              "beforeHooks": [],
              "afterHooks": [],
              "tests": [
                {
                  "title": "FR 2.1 a -> Define a new SKU",
                  "fullTitle": "Test CR1 RestockOrder post /api/sku/ FR 2.1 a -> Define a new SKU",
                  "timedOut": false,
                  "duration": 5,
                  "state": "passed",
                  "speed": "fast",
                  "pass": true,
                  "fail": false,
                  "pending": false,
                  "context": null,
                  "code": "agent.post('/api/sku/')\n.send(thesku)\n.then(function (res) {\n    res.should.have.status(expCode);\n    done();\n}).catch(err=>done(err));",
                  "err": {},
                  "uuid": "490a6292-5b8c-4e00-8de4-634ba055cefa",
                  "parentUUID": "4d981dc0-0133-4a5d-b476-e1caf7c31128",
                  "isHook": false,
                  "skipped": false
                }
              ],
              "suites": [],
              "passes": [
                "490a6292-5b8c-4e00-8de4-634ba055cefa"
              ],
              "failures": [],
              "pending": [],
              "skipped": [],
              "duration": 5,
              "root": false,
              "rootEmpty": false,
              "_timeout": 30000
            },
            {
              "uuid": "32db5286-453c-4ee4-89f8-c065726a7573",
              "title": "get /api/skus",
              "fullFile": "/Users/francescorosati/Desktop/Software engineering/Project/EzWh/code/server/acceptanceTest/testEzWhAPI.js",
              "file": "/acceptanceTest/testEzWhAPI.js",
              "beforeHooks": [],
              "afterHooks": [],
              "tests": [
                {
                  "title": "FR 2.3 -> List all SKUs",
                  "fullTitle": "Test CR1 RestockOrder get /api/skus FR 2.3 -> List all SKUs",
                  "timedOut": false,
                  "duration": 3,
                  "state": "passed",
                  "speed": "fast",
                  "pass": true,
                  "fail": false,
                  "pending": false,
                  "context": null,
                  "code": "agent.get('/api/skus')\n.then(function (res) {\n    res.should.have.status(expCode);\n    res.body.should.be.a('array');\n    res.body.length.should.be.eql(size);\n    let id = [];\n    if (size > 0) {\n        for (let i = 0; i < size; i++) {\n            id[i] = res.body[i].id;\n            res.body[i].description.should.equal(sku[i].description);\n            res.body[i].weight.should.equal(sku[i].weight);\n            res.body[i].volume.should.equal(sku[i].volume);\n            res.body[i].notes.should.equal(sku[i].notes);\n            res.body[i].availableQuantity.should.equal(sku[i].availableQuantity);\n            res.body[i].price.should.equal(sku[i].price);\n        }\n        ids.setIdSku(id);\n    }             \n    done();\n}).catch(err=>done(err));",
                  "err": {},
                  "uuid": "3857427f-0096-4894-9da3-3f3bf18fb357",
                  "parentUUID": "32db5286-453c-4ee4-89f8-c065726a7573",
                  "isHook": false,
                  "skipped": false
                }
              ],
              "suites": [],
              "passes": [
                "3857427f-0096-4894-9da3-3f3bf18fb357"
              ],
              "failures": [],
              "pending": [],
              "skipped": [],
              "duration": 3,
              "root": false,
              "rootEmpty": false,
              "_timeout": 30000
            },
            {
              "uuid": "89df2af5-1ccd-4b5b-a6b3-6e90097674d3",
              "title": " post /api/newUser",
              "fullFile": "/Users/francescorosati/Desktop/Software engineering/Project/EzWh/code/server/acceptanceTest/testEzWhAPI.js",
              "file": "/acceptanceTest/testEzWhAPI.js",
              "beforeHooks": [],
              "afterHooks": [],
              "tests": [
                {
                  "title": "FR 1.1 a -> Define a new user",
                  "fullTitle": "Test CR1 RestockOrder  post /api/newUser FR 1.1 a -> Define a new user",
                  "timedOut": false,
                  "duration": 130,
                  "state": "passed",
                  "speed": "slow",
                  "pass": true,
                  "fail": false,
                  "pending": false,
                  "context": null,
                  "code": "agent.post('/api/newUser')\n.send(myuser)\n.then(function(res){\n    res.should.have.status(expCode);\n    done();\n}).catch(err=>done(err));",
                  "err": {},
                  "uuid": "37341a87-64f2-40ba-8840-53112d17be0b",
                  "parentUUID": "89df2af5-1ccd-4b5b-a6b3-6e90097674d3",
                  "isHook": false,
                  "skipped": false
                }
              ],
              "suites": [],
              "passes": [
                "37341a87-64f2-40ba-8840-53112d17be0b"
              ],
              "failures": [],
              "pending": [],
              "skipped": [],
              "duration": 130,
              "root": false,
              "rootEmpty": false,
              "_timeout": 30000
            },
            {
              "uuid": "7839740a-0371-487d-b939-9f44ab89a0f9",
              "title": " post /api/newUser",
              "fullFile": "/Users/francescorosati/Desktop/Software engineering/Project/EzWh/code/server/acceptanceTest/testEzWhAPI.js",
              "file": "/acceptanceTest/testEzWhAPI.js",
              "beforeHooks": [],
              "afterHooks": [],
              "tests": [
                {
                  "title": "FR 1.1 a -> Define a new user",
                  "fullTitle": "Test CR1 RestockOrder  post /api/newUser FR 1.1 a -> Define a new user",
                  "timedOut": false,
                  "duration": 104,
                  "state": "passed",
                  "speed": "slow",
                  "pass": true,
                  "fail": false,
                  "pending": false,
                  "context": null,
                  "code": "agent.post('/api/newUser')\n.send(myuser)\n.then(function(res){\n    res.should.have.status(expCode);\n    done();\n}).catch(err=>done(err));",
                  "err": {},
                  "uuid": "26e50177-c22d-48e8-b1f6-c06ee6024ab2",
                  "parentUUID": "7839740a-0371-487d-b939-9f44ab89a0f9",
                  "isHook": false,
                  "skipped": false
                }
              ],
              "suites": [],
              "passes": [
                "26e50177-c22d-48e8-b1f6-c06ee6024ab2"
              ],
              "failures": [],
              "pending": [],
              "skipped": [],
              "duration": 104,
              "root": false,
              "rootEmpty": false,
              "_timeout": 30000
            },
            {
              "uuid": "42f58941-39bb-4c4f-b412-ef648176934f",
              "title": "post /api/skuitem/",
              "fullFile": "/Users/francescorosati/Desktop/Software engineering/Project/EzWh/code/server/acceptanceTest/testEzWhAPI.js",
              "file": "/acceptanceTest/testEzWhAPI.js",
              "beforeHooks": [],
              "afterHooks": [],
              "tests": [
                {
                  "title": "Adding skuitem details",
                  "fullTitle": "Test CR1 RestockOrder post /api/skuitem/ Adding skuitem details",
                  "timedOut": false,
                  "duration": 11,
                  "state": "passed",
                  "speed": "fast",
                  "pass": true,
                  "fail": false,
                  "pending": false,
                  "context": null,
                  "code": "let id = ids.getIdSku();\nlet skuitem;\nif(myskuitem.SKUId > id.length || myskuitem.SKUId === null){\n    skuitem = newSkuItem(myskuitem.RFID, myskuitem.SKUId , myskuitem.DateOfStock); \n}\nelse{\n    skuitem = newSkuItem(myskuitem.RFID, id[myskuitem.SKUId] , myskuitem.DateOfStock);\n}\nagent.post('/api/skuitem/')\n.send(skuitem)\n.then(function (res) {\n    res.should.have.status(expCode);\n    done();\n}).catch(err=>done(err));",
                  "err": {},
                  "uuid": "73a545de-32e4-47c3-b620-ea150dc9adba",
                  "parentUUID": "42f58941-39bb-4c4f-b412-ef648176934f",
                  "isHook": false,
                  "skipped": false
                }
              ],
              "suites": [],
              "passes": [
                "73a545de-32e4-47c3-b620-ea150dc9adba"
              ],
              "failures": [],
              "pending": [],
              "skipped": [],
              "duration": 11,
              "root": false,
              "rootEmpty": false,
              "_timeout": 30000
            },
            {
              "uuid": "a978e8e7-e3b7-43fc-869c-d6e5bc0f9c65",
              "title": "post /api/skuitem/",
              "fullFile": "/Users/francescorosati/Desktop/Software engineering/Project/EzWh/code/server/acceptanceTest/testEzWhAPI.js",
              "file": "/acceptanceTest/testEzWhAPI.js",
              "beforeHooks": [],
              "afterHooks": [],
              "tests": [
                {
                  "title": "Adding skuitem details",
                  "fullTitle": "Test CR1 RestockOrder post /api/skuitem/ Adding skuitem details",
                  "timedOut": false,
                  "duration": 7,
                  "state": "passed",
                  "speed": "fast",
                  "pass": true,
                  "fail": false,
                  "pending": false,
                  "context": null,
                  "code": "let id = ids.getIdSku();\nlet skuitem;\nif(myskuitem.SKUId > id.length || myskuitem.SKUId === null){\n    skuitem = newSkuItem(myskuitem.RFID, myskuitem.SKUId , myskuitem.DateOfStock); \n}\nelse{\n    skuitem = newSkuItem(myskuitem.RFID, id[myskuitem.SKUId] , myskuitem.DateOfStock);\n}\nagent.post('/api/skuitem/')\n.send(skuitem)\n.then(function (res) {\n    res.should.have.status(expCode);\n    done();\n}).catch(err=>done(err));",
                  "err": {},
                  "uuid": "078399f0-6c0c-479a-9eba-b0d812354396",
                  "parentUUID": "a978e8e7-e3b7-43fc-869c-d6e5bc0f9c65",
                  "isHook": false,
                  "skipped": false
                }
              ],
              "suites": [],
              "passes": [
                "078399f0-6c0c-479a-9eba-b0d812354396"
              ],
              "failures": [],
              "pending": [],
              "skipped": [],
              "duration": 7,
              "root": false,
              "rootEmpty": false,
              "_timeout": 30000
            },
            {
              "uuid": "79dc1cf7-cf14-41bb-89c5-2df768322280",
              "title": " get /api/suppliers",
              "fullFile": "/Users/francescorosati/Desktop/Software engineering/Project/EzWh/code/server/acceptanceTest/testEzWhAPI.js",
              "file": "/acceptanceTest/testEzWhAPI.js",
              "beforeHooks": [],
              "afterHooks": [],
              "tests": [
                {
                  "title": " get all suppliers",
                  "fullTitle": "Test CR1 RestockOrder  get /api/suppliers  get all suppliers",
                  "timedOut": false,
                  "duration": 3,
                  "state": "passed",
                  "speed": "fast",
                  "pass": true,
                  "fail": false,
                  "pending": false,
                  "context": null,
                  "code": "let idsupp = [];\nagent.get('/api/suppliers')\n.then(function(res){\n    for(let i=0; i<res.body.length; i++){\n        idsupp[i] = res.body[i].id;\n    }\n    ids.setIdSuppliers(idsupp);\n    //console.log(res.body);\n    done();\n}).catch(err=>done(err));",
                  "err": {},
                  "uuid": "04062263-5ef8-4c87-bb2a-e925d5f52555",
                  "parentUUID": "79dc1cf7-cf14-41bb-89c5-2df768322280",
                  "isHook": false,
                  "skipped": false
                }
              ],
              "suites": [],
              "passes": [
                "04062263-5ef8-4c87-bb2a-e925d5f52555"
              ],
              "failures": [],
              "pending": [],
              "skipped": [],
              "duration": 3,
              "root": false,
              "rootEmpty": false,
              "_timeout": 30000
            },
            {
              "uuid": "c725df04-02e5-46bc-90a3-0179b676975e",
              "title": "Removing all Items",
              "fullFile": "/Users/francescorosati/Desktop/Software engineering/Project/EzWh/code/server/acceptanceTest/testEzWhAPI.js",
              "file": "/acceptanceTest/testEzWhAPI.js",
              "beforeHooks": [],
              "afterHooks": [],
              "tests": [
                {
                  "title": "get /api/items/",
                  "fullTitle": "Test CR1 RestockOrder Removing all Items get /api/items/",
                  "timedOut": false,
                  "duration": 2,
                  "state": "passed",
                  "speed": "fast",
                  "pass": true,
                  "fail": false,
                  "pending": false,
                  "context": null,
                  "code": "const res = await agent.get('/api/items');\nconsole.log(res.body);\nres.should.have.status(200);\nif(res.body.length !==0) {\n    let res2;\n    for (let i = 0; i< res.body.length; i++){\n        res2 = await\n        agent.delete('/api/items/'+res.body[i].id+'/'+res.body[i].supplierId);\n        res2.should.have.status(204);\n        console.log(\"Deleted \" + res.body[i].id + \" by supplier \"+ res.body[i].supplierId);\n    }\n}",
                  "err": {},
                  "uuid": "7df2a6da-854d-4d73-b392-c915dfeeb1a6",
                  "parentUUID": "c725df04-02e5-46bc-90a3-0179b676975e",
                  "isHook": false,
                  "skipped": false
                }
              ],
              "suites": [],
              "passes": [
                "7df2a6da-854d-4d73-b392-c915dfeeb1a6"
              ],
              "failures": [],
              "pending": [],
              "skipped": [],
              "duration": 2,
              "root": false,
              "rootEmpty": false,
              "_timeout": 30000
            },
            {
              "uuid": "e2c3e282-41bc-4407-b5c4-41b56909128d",
              "title": "post /api/item/",
              "fullFile": "/Users/francescorosati/Desktop/Software engineering/Project/EzWh/code/server/acceptanceTest/testEzWhAPI.js",
              "file": "/acceptanceTest/testEzWhAPI.js",
              "beforeHooks": [],
              "afterHooks": [],
              "tests": [
                {
                  "title": "Adding item details",
                  "fullTitle": "Test CR1 RestockOrder post /api/item/ Adding item details",
                  "timedOut": false,
                  "duration": 10,
                  "state": "passed",
                  "speed": "fast",
                  "pass": true,
                  "fail": false,
[...]
                      "err": {},
                      "uuid": "46971d3e-fbda-4ee6-8203-253173042d5d",
                      "parentUUID": "31e9df98-6dc5-450b-8889-af355ba55222",
                      "isHook": false,
                      "skipped": false
                    }
                  ],
                  "suites": [],
                  "passes": [
                    "46971d3e-fbda-4ee6-8203-253173042d5d"
                  ],
                  "failures": [],
                  "pending": [],
                  "skipped": [],
                  "duration": 7,
                  "root": false,
                  "rootEmpty": false,
                  "_timeout": 30000
                },
                {
                  "uuid": "be9a26f6-3429-45e1-a4d1-21f98acd7d21",
                  "title": " get /api/restockOrders",
                  "fullFile": "/Users/francescorosati/Desktop/Software engineering/Project/EzWh/code/server/acceptanceTest/testEzWhAPI.js",
                  "file": "/acceptanceTest/testEzWhAPI.js",
                  "beforeHooks": [],
                  "afterHooks": [],
                  "tests": [
                    {
                      "title": " get all restock orders",
                      "fullTitle": "Testing Change1 requirements Test CR1 ReturnOrder  get /api/restockOrders  get all restock orders",
                      "timedOut": false,
                      "duration": 2,
                      "state": "passed",
                      "speed": "fast",
                      "pass": true,
                      "fail": false,
                      "pending": false,
                      "context": null,
                      "code": "agent.get('/api/restockOrders')\n.then(function(res){\n    res.should.have.status(expCode);\n    res.body.should.be.a('array');\n    let idsupp = ids.getIdSuppliers();\n    let idskus  = ids.getIdSku();\n    let idrestord = [];\n    res.body.length.should.be.eql(myrestocks.length);\n    for(let i = 0; i<res.body.length; i++){\n        idrestord[i] = res.body[i].id;\n        res.body[i].issueDate.should.equal(myrestocks[i].issueDate);\n        res.body[i].supplierId.should.equal(idsupp[myrestocks[i].supplierId]);\n        for(let j = 0; j<res.body[i].products.length; j++){\n            res.body[i].products[j].SKUId.should.equal(idskus[myrestocks[i].products[j].SKUId]);\n            res.body[i].products[j].itemId.should.equal(myrestocks[i].products[j].itemId);\n            res.body[i].products[j].description.should.equal(myrestocks[i].products[j].description);\n            res.body[i].products[j].price.should.equal(myrestocks[i].products[j].price);\n            res.body[i].products[j].qty.should.equal(myrestocks[i].products[j].qty);\n        }\n    }\n    ids.setIdRestockOrders(idrestord);\n    done();\n}).catch(err=>done(err));",
                      "err": {},
                      "uuid": "f10042ad-c71a-4c25-8152-02d5f3cbc274",
                      "parentUUID": "be9a26f6-3429-45e1-a4d1-21f98acd7d21",
                      "isHook": false,
                      "skipped": false
                    }
                  ],
                  "suites": [],
                  "passes": [
                    "f10042ad-c71a-4c25-8152-02d5f3cbc274"
                  ],
                  "failures": [],
                  "pending": [],
                  "skipped": [],
                  "duration": 2,
                  "root": false,
                  "rootEmpty": false,
                  "_timeout": 30000
                },
                {
                  "uuid": "286ee7cf-1203-4366-8101-98b68df7e4f5",
                  "title": " get /api/restockOrderIssued",
                  "fullFile": "/Users/francescorosati/Desktop/Software engineering/Project/EzWh/code/server/acceptanceTest/testEzWhAPI.js",
                  "file": "/acceptanceTest/testEzWhAPI.js",
                  "beforeHooks": [],
                  "afterHooks": [],
                  "tests": [
                    {
                      "title": " get all restock order issued",
                      "fullTitle": "Testing Change1 requirements Test CR1 ReturnOrder  get /api/restockOrderIssued  get all restock order issued",
                      "timedOut": false,
                      "duration": 2,
                      "state": "passed",
                      "speed": "fast",
                      "pass": true,
                      "fail": false,
                      "pending": false,
                      "context": null,
                      "code": "agent.get('/api/restockOrdersIssued')\n.then(function(res){\n    let idrestord = [];\n    res.should.have.status(expCode);\n    res.body.should.be.a('array');\n    for(let i = 0; i<res.body.length; i++){\n        idrestord[i] = res.body[i].id;\n        res.body[i].state.should.equal(\"ISSUED\");\n    }\n    ids.setIdRestockOrdersIssued(idrestord);\n    done();\n}).catch(err=>done(err));",
                      "err": {},
                      "uuid": "6db22175-685b-45c1-a717-d1a0a4d09fdc",
                      "parentUUID": "286ee7cf-1203-4366-8101-98b68df7e4f5",
                      "isHook": false,
                      "skipped": false
                    }
                  ],
                  "suites": [],
                  "passes": [
                    "6db22175-685b-45c1-a717-d1a0a4d09fdc"
                  ],
                  "failures": [],
                  "pending": [],
                  "skipped": [],
                  "duration": 2,
                  "root": false,
                  "rootEmpty": false,
                  "_timeout": 30000
                },
                {
                  "uuid": "f8265e02-c5c1-4569-9d5b-86df87f70603",
                  "title": " post /api/returnOrder",
                  "fullFile": "/Users/francescorosati/Desktop/Software engineering/Project/EzWh/code/server/acceptanceTest/testEzWhAPI.js",
                  "file": "/acceptanceTest/testEzWhAPI.js",
                  "beforeHooks": [],
                  "afterHooks": [],
                  "tests": [
                    {
                      "title": " Create a return order",
                      "fullTitle": "Testing Change1 requirements Test CR1 ReturnOrder  post /api/returnOrder  Create a return order",
                      "timedOut": false,
                      "duration": 5,
                      "state": "passed",
                      "speed": "fast",
                      "pass": true,
                      "fail": false,
                      "pending": false,
                      "context": null,
                      "code": "let idroid = ids.getIdRestockOrdersIssued();\nlet idskus = ids.getIdSku();\nlet currentProducts = [];\nlet currentProductswithrfid = [];\nlet restordid;\nif(myretord.restockOrderId === null || myretord.restockOrderId > idroid.length){\n    restordid = myretord.restockOrderId;\n}\nelse{\n    restordid = idroid[myretord.restockOrderId];\n}\nfor(let i=0; i<myretord.products.length ; i++){\n    currentProducts[i] = newrestockorders.newProduct(idskus[myretord.products[i].SKUId], myretord.products[i].itemId, myretord.products[i].description, myretord.products[i].price, myretord.products[i].qty );\n    currentProductswithrfid[i] = newProductwithRFID(currentProducts[i], myretord.products[i].RFID);\n}\nconsole.log(currentProducts);\nlet retord = newReturnOrder(myretord.returnDate, currentProductswithrfid, restordid);\nagent.post('/api/returnOrder')\n.send(retord)\n.then(function(res){\n    console.log(res.body);\n    console.log(retord);\n    res.should.have.status(expCode);\n    done();\n}).catch(err=>done(err));",
                      "err": {},
                      "uuid": "4bf8fe1d-86ef-47cf-bbfb-8f2ddbf693bd",
                      "parentUUID": "f8265e02-c5c1-4569-9d5b-86df87f70603",
                      "isHook": false,
                      "skipped": false
                    }
                  ],
                  "suites": [],
                  "passes": [
                    "4bf8fe1d-86ef-47cf-bbfb-8f2ddbf693bd"
                  ],
                  "failures": [],
                  "pending": [],
                  "skipped": [],
                  "duration": 5,
                  "root": false,
                  "rootEmpty": false,
                  "_timeout": 30000
                },
                {
                  "uuid": "28717741-b4e6-4a85-b76d-6d8e6b0fb706",
                  "title": " post /api/returnOrder",
                  "fullFile": "/Users/francescorosati/Desktop/Software engineering/Project/EzWh/code/server/acceptanceTest/testEzWhAPI.js",
                  "file": "/acceptanceTest/testEzWhAPI.js",
                  "beforeHooks": [],
                  "afterHooks": [],
                  "tests": [
                    {
                      "title": " Create a return order",
                      "fullTitle": "Testing Change1 requirements Test CR1 ReturnOrder  post /api/returnOrder  Create a return order",
                      "timedOut": false,
                      "duration": 5,
                      "state": "passed",
                      "speed": "fast",
                      "pass": true,
                      "fail": false,
                      "pending": false,
                      "context": null,
                      "code": "let idroid = ids.getIdRestockOrdersIssued();\nlet idskus = ids.getIdSku();\nlet currentProducts = [];\nlet currentProductswithrfid = [];\nlet restordid;\nif(myretord.restockOrderId === null || myretord.restockOrderId > idroid.length){\n    restordid = myretord.restockOrderId;\n}\nelse{\n    restordid = idroid[myretord.restockOrderId];\n}\nfor(let i=0; i<myretord.products.length ; i++){\n    currentProducts[i] = newrestockorders.newProduct(idskus[myretord.products[i].SKUId], myretord.products[i].itemId, myretord.products[i].description, myretord.products[i].price, myretord.products[i].qty );\n    currentProductswithrfid[i] = newProductwithRFID(currentProducts[i], myretord.products[i].RFID);\n}\nconsole.log(currentProducts);\nlet retord = newReturnOrder(myretord.returnDate, currentProductswithrfid, restordid);\nagent.post('/api/returnOrder')\n.send(retord)\n.then(function(res){\n    console.log(res.body);\n    console.log(retord);\n    res.should.have.status(expCode);\n    done();\n}).catch(err=>done(err));",
                      "err": {},
                      "uuid": "cc5222e9-2294-43d1-b381-4221a1ddc351",
                      "parentUUID": "28717741-b4e6-4a85-b76d-6d8e6b0fb706",
                      "isHook": false,
                      "skipped": false
                    }
                  ],
                  "suites": [],
                  "passes": [
                    "cc5222e9-2294-43d1-b381-4221a1ddc351"
                  ],
                  "failures": [],
                  "pending": [],
                  "skipped": [],
                  "duration": 5,
                  "root": false,
                  "rootEmpty": false,
                  "_timeout": 30000
                },
                {
                  "uuid": "c5c7bee2-8e58-4297-ae20-a028d753e79b",
                  "title": " post /api/returnOrder",
                  "fullFile": "/Users/francescorosati/Desktop/Software engineering/Project/EzWh/code/server/acceptanceTest/testEzWhAPI.js",
                  "file": "/acceptanceTest/testEzWhAPI.js",
                  "beforeHooks": [],
                  "afterHooks": [],
                  "tests": [
                    {
                      "title": " Create a return order",
                      "fullTitle": "Testing Change1 requirements Test CR1 ReturnOrder  post /api/returnOrder  Create a return order",
                      "timedOut": false,
                      "duration": 3,
                      "state": "passed",
                      "speed": "fast",
                      "pass": true,
                      "fail": false,
                      "pending": false,
                      "context": null,
                      "code": "agent.post('/api/returnOrder')\n.send(myretord)\n.then(function(res){\n    //console.log(res);\n    //console.log(retord);\n    res.should.have.status(expCode);\n    done();\n}).catch(err=>done(err));",
                      "err": {},
                      "uuid": "1c2bd217-08fe-4bbb-9060-fbedd18a21b0",
                      "parentUUID": "c5c7bee2-8e58-4297-ae20-a028d753e79b",
                      "isHook": false,
                      "skipped": false
                    }
                  ],
                  "suites": [],
                  "passes": [
                    "1c2bd217-08fe-4bbb-9060-fbedd18a21b0"
                  ],
                  "failures": [],
                  "pending": [],
                  "skipped": [],
                  "duration": 3,
                  "root": false,
                  "rootEmpty": false,
                  "_timeout": 30000
                },
                {
                  "uuid": "e480de7f-4162-4382-9337-d92f09ab2d0a",
                  "title": " get /api/returnOrders",
                  "fullFile": "/Users/francescorosati/Desktop/Software engineering/Project/EzWh/code/server/acceptanceTest/testEzWhAPI.js",
                  "file": "/acceptanceTest/testEzWhAPI.js",
                  "beforeHooks": [],
                  "afterHooks": [],
                  "tests": [
                    {
                      "title": " get all return orders",
                      "fullTitle": "Testing Change1 requirements Test CR1 ReturnOrder  get /api/returnOrders  get all return orders",
                      "timedOut": false,
                      "duration": 2,
                      "state": "passed",
                      "speed": "fast",
                      "pass": true,
                      "fail": false,
                      "pending": false,
                      "context": null,
                      "code": "agent.get('/api/returnOrders')\n.then(function(res){\n    //console.log(res.body);\n    res.should.have.status(expCode);\n    res.body.should.be.a('array');\n    let idrestockorders = ids.getIdRestockOrdersIssued();\n    let idretord = [];\n    let idskus  = ids.getIdSku();\n    res.body.length.should.be.eql(myretord.length);\n    for(let i = 0; i<res.body.length; i++){\n        idretord[i] = res.body[i].id;\n        res.body[i].returnDate.should.equal(myretord[i].returnDate);\n        res.body[i].restockOrderId.should.equal(idrestockorders[myretord[i].restockOrderId]);\n        for(let j = 0; j<res.body[i].products.length; j++){\n            res.body[i].products[j].SKUId.should.equal(idskus[myretord[i].products[j].SKUId]);\n            res.body[i].products[j].itemId.should.equal(myretord[i].products[j].itemId);\n            res.body[i].products[j].description.should.equal(myretord[i].products[j].description);\n            res.body[i].products[j].price.should.equal(myretord[i].products[j].price);\n            res.body[i].products[j].RFID.should.equal(myretord[i].products[j].RFID);\n        }\n    }\n    ids.setIdReturnOrders(idretord);\n    done();\n}).catch(err=>done(err));",
                      "err": {},
                      "uuid": "9c0278e5-8f02-433e-8306-853c0385b22c",
                      "parentUUID": "e480de7f-4162-4382-9337-d92f09ab2d0a",
                      "isHook": false,
                      "skipped": false
                    }
                  ],
                  "suites": [],
                  "passes": [
                    "9c0278e5-8f02-433e-8306-853c0385b22c"
                  ],
                  "failures": [],
                  "pending": [],
                  "skipped": [],
                  "duration": 2,
                  "root": false,
                  "rootEmpty": false,
                  "_timeout": 30000
                },
                {
                  "uuid": "17c36666-52b6-4fe7-b6ef-4fc225a3fc87",
                  "title": " get /api/returnOrders/:id",
                  "fullFile": "/Users/francescorosati/Desktop/Software engineering/Project/EzWh/code/server/acceptanceTest/testEzWhAPI.js",
                  "file": "/acceptanceTest/testEzWhAPI.js",
                  "beforeHooks": [],
                  "afterHooks": [],
                  "tests": [
                    {
                      "title": " get return order by id",
                      "fullTitle": "Testing Change1 requirements Test CR1 ReturnOrder  get /api/returnOrders/:id  get return order by id",
                      "timedOut": false,
                      "duration": 3,
                      "state": "passed",
                      "speed": "fast",
                      "pass": true,
                      "fail": false,
                      "pending": false,
                      "context": null,
                      "code": "let idsret = ids.getIdReturnOrders();\nlet idskus  = ids.getIdSku();\n//console.log(idsret[id]);\nagent.get('/api/returnOrders/'+idsret[id])\n.then(function(res){\n    res.should.have.status(expCode);\n    res.body.returnDate.should.equal(myretord.returnDate);\n    for(let j = 0; j < res.body.products.length; j++){\n        res.body.products[j].SKUId.should.equal(idskus[myretord.products[j].SKUId]);\n        res.body.products[j].itemId.should.equal(myretord.products[j].itemId);\n        res.body.products[j].description.should.equal(myretord.products[j].description);\n        res.body.products[j].price.should.equal(myretord.products[j].price);\n        res.body.products[j].RFID.should.equal(myretord.products[j].RFID);\n    }\n    done();\n}).catch(err=>done(err));",
                      "err": {},
                      "uuid": "cd2f1920-333a-4fd1-b453-4d05d992da16",
                      "parentUUID": "17c36666-52b6-4fe7-b6ef-4fc225a3fc87",
                      "isHook": false,
                      "skipped": false
                    }
                  ],
                  "suites": [],
                  "passes": [
                    "cd2f1920-333a-4fd1-b453-4d05d992da16"
                  ],
                  "failures": [],
                  "pending": [],
                  "skipped": [],
                  "duration": 3,
                  "root": false,
                  "rootEmpty": false,
                  "_timeout": 30000
                }
              ],
              "passes": [],
              "failures": [],
              "pending": [],
              "skipped": [],
              "duration": 0,
              "root": false,
              "rootEmpty": false,
              "_timeout": 30000
            }
          ],
          "passes": [],
          "failures": [],
          "pending": [],
          "skipped": [],
          "duration": 0,
          "root": false,
          "rootEmpty": false,
          "_timeout": 30000
        }
      ],
      "passes": [],
      "failures": [],
      "pending": [],
      "skipped": [],
      "duration": 0,
      "root": true,
      "rootEmpty": true,
      "_timeout": 30000
    }
  ],
  "meta": {
    "mocha": {
      "version": "9.2.2"
    },
    "mochawesome": {
      "options": {
        "quiet": false,
        "reportFilename": "mochawesome",
        "saveHtml": true,
        "saveJson": true,
        "consoleReporter": "spec",
        "useInlineDiffs": false,
        "code": true
      },
      "version": "7.1.3"
    },
    "marge": {
      "options": null,
      "version": "6.2.0"
    }
  }
}